2024-01-21T07:53:26+00:00 CRITICAL Uncaught Error: Unknown named parameter $item in D:\Tools\xampp\htdocs\website\wp-content\themes\flatsome\inc\builder\core\server\src\Transformers\ArrayToString.php:55
Stack trace:
#0 D:\Tools\xampp\htdocs\website\wp-content\themes\flatsome\inc\builder\core\server\src\Transformers\ArrayToString.php(55): call_user_func_array(Object(Closure), Array)
#1 D:\Tools\xampp\htdocs\website\wp-content\themes\flatsome\inc\builder\core\server\src\Transformers\ArrayToString.php(145): UxBuilder\Transformers\ArrayToString->transform(Array, Array)
#2 D:\Tools\xampp\htdocs\website\wp-content\themes\flatsome\inc\builder\core\server\src\Transformers\ArrayToString.php(50): UxBuilder\Transformers\ArrayToString->get_content(Array)
#3 D:\Tools\xampp\htdocs\website\wp-content\themes\flatsome\inc\builder\core\server\src\Ajax\DoShortcode.php(28): UxBuilder\Transformers\ArrayToString->transform(Array)
#4 D:\Tools\xampp\htdocs\website\wp-includes\class-wp-hook.php(324): UxBuilder\Ajax\DoShortcode->do_shortcode('')
#5 D:\Tools\xampp\htdocs\website\wp-includes\class-wp-hook.php(348): WP_Hook->apply_filters(NULL, Array)
#6 D:\Tools\xampp\htdocs\website\wp-includes\plugin.php(517): WP_Hook->do_action(Array)
#7 D:\Tools\xampp\htdocs\website\wp-includes\template-loader.php(13): do_action('template_redire...')
#8 D:\Tools\xampp\htdocs\website\wp-blog-header.php(19): require_once('D:\\Tools\\xampp\\...')
#9 D:\Tools\xampp\htdocs\website\index.php(17): require('D:\\Tools\\xampp\\...')
#10 {main}
  thrown in D:\Tools\xampp\htdocs\website\wp-content\themes\flatsome\inc\builder\core\server\src\Transformers\ArrayToString.php on line 55

2024-01-21T07:53:26+00:00 CRITICAL Uncaught Error: Unknown named parameter $item in D:\Tools\xampp\htdocs\website\wp-content\themes\flatsome\inc\builder\core\server\src\Transformers\ArrayToString.php:55
Stack trace:
#0 D:\Tools\xampp\htdocs\website\wp-content\themes\flatsome\inc\builder\core\server\src\Transformers\ArrayToString.php(55): call_user_func_array(Object(Closure), Array)
#1 D:\Tools\xampp\htdocs\website\wp-content\themes\flatsome\inc\builder\core\server\src\Transformers\ArrayToString.php(145): UxBuilder\Transformers\ArrayToString->transform(Array, Array)
#2 D:\Tools\xampp\htdocs\website\wp-content\themes\flatsome\inc\builder\core\server\src\Transformers\ArrayToString.php(50): UxBuilder\Transformers\ArrayToString->get_content(Array)
#3 D:\Tools\xampp\htdocs\website\wp-content\themes\flatsome\inc\builder\core\server\src\Ajax\DoShortcode.php(28): UxBuilder\Transformers\ArrayToString->transform(Array)
#4 D:\Tools\xampp\htdocs\website\wp-includes\class-wp-hook.php(324): UxBuilder\Ajax\DoShortcode->do_shortcode('')
#5 D:\Tools\xampp\htdocs\website\wp-includes\class-wp-hook.php(348): WP_Hook->apply_filters(NULL, Array)
#6 D:\Tools\xampp\htdocs\website\wp-includes\plugin.php(517): WP_Hook->do_action(Array)
#7 D:\Tools\xampp\htdocs\website\wp-includes\template-loader.php(13): do_action('template_redire...')
#8 D:\Tools\xampp\htdocs\website\wp-blog-header.php(19): require_once('D:\\Tools\\xampp\\...')
#9 D:\Tools\xampp\htdocs\website\index.php(17): require('D:\\Tools\\xampp\\...')
#10 {main}
  thrown in D:\Tools\xampp\htdocs\website\wp-content\themes\flatsome\inc\builder\core\server\src\Transformers\ArrayToString.php on line 55

2024-01-21T07:53:27+00:00 CRITICAL Uncaught Error: Unknown named parameter $item in D:\Tools\xampp\htdocs\website\wp-content\themes\flatsome\inc\builder\core\server\src\Transformers\ArrayToString.php:55
Stack trace:
#0 D:\Tools\xampp\htdocs\website\wp-content\themes\flatsome\inc\builder\core\server\src\Transformers\ArrayToString.php(55): call_user_func_array(Object(Closure), Array)
#1 D:\Tools\xampp\htdocs\website\wp-content\themes\flatsome\inc\builder\core\server\src\Transformers\ArrayToString.php(145): UxBuilder\Transformers\ArrayToString->transform(Array, Array)
#2 D:\Tools\xampp\htdocs\website\wp-content\themes\flatsome\inc\builder\core\server\src\Transformers\ArrayToString.php(50): UxBuilder\Transformers\ArrayToString->get_content(Array)
#3 D:\Tools\xampp\htdocs\website\wp-content\themes\flatsome\inc\builder\core\server\src\Ajax\DoShortcode.php(28): UxBuilder\Transformers\ArrayToString->transform(Array)
#4 D:\Tools\xampp\htdocs\website\wp-includes\class-wp-hook.php(324): UxBuilder\Ajax\DoShortcode->do_shortcode('')
#5 D:\Tools\xampp\htdocs\website\wp-includes\class-wp-hook.php(348): WP_Hook->apply_filters(NULL, Array)
#6 D:\Tools\xampp\htdocs\website\wp-includes\plugin.php(517): WP_Hook->do_action(Array)
#7 D:\Tools\xampp\htdocs\website\wp-includes\template-loader.php(13): do_action('template_redire...')
#8 D:\Tools\xampp\htdocs\website\wp-blog-header.php(19): require_once('D:\\Tools\\xampp\\...')
#9 D:\Tools\xampp\htdocs\website\index.php(17): require('D:\\Tools\\xampp\\...')
#10 {main}
  thrown in D:\Tools\xampp\htdocs\website\wp-content\themes\flatsome\inc\builder\core\server\src\Transformers\ArrayToString.php on line 55

2024-01-21T07:53:27+00:00 CRITICAL Uncaught Error: Unknown named parameter $item in D:\Tools\xampp\htdocs\website\wp-content\themes\flatsome\inc\builder\core\server\src\Transformers\ArrayToString.php:55
Stack trace:
#0 D:\Tools\xampp\htdocs\website\wp-content\themes\flatsome\inc\builder\core\server\src\Transformers\ArrayToString.php(55): call_user_func_array(Object(Closure), Array)
#1 D:\Tools\xampp\htdocs\website\wp-content\themes\flatsome\inc\builder\core\server\src\Transformers\ArrayToString.php(145): UxBuilder\Transformers\ArrayToString->transform(Array, Array)
#2 D:\Tools\xampp\htdocs\website\wp-content\themes\flatsome\inc\builder\core\server\src\Transformers\ArrayToString.php(50): UxBuilder\Transformers\ArrayToString->get_content(Array)
#3 D:\Tools\xampp\htdocs\website\wp-content\themes\flatsome\inc\builder\core\server\src\Ajax\DoShortcode.php(28): UxBuilder\Transformers\ArrayToString->transform(Array)
#4 D:\Tools\xampp\htdocs\website\wp-includes\class-wp-hook.php(324): UxBuilder\Ajax\DoShortcode->do_shortcode('')
#5 D:\Tools\xampp\htdocs\website\wp-includes\class-wp-hook.php(348): WP_Hook->apply_filters(NULL, Array)
#6 D:\Tools\xampp\htdocs\website\wp-includes\plugin.php(517): WP_Hook->do_action(Array)
#7 D:\Tools\xampp\htdocs\website\wp-includes\template-loader.php(13): do_action('template_redire...')
#8 D:\Tools\xampp\htdocs\website\wp-blog-header.php(19): require_once('D:\\Tools\\xampp\\...')
#9 D:\Tools\xampp\htdocs\website\index.php(17): require('D:\\Tools\\xampp\\...')
#10 {main}
  thrown in D:\Tools\xampp\htdocs\website\wp-content\themes\flatsome\inc\builder\core\server\src\Transformers\ArrayToString.php on line 55

2024-01-21T07:53:28+00:00 CRITICAL Uncaught Error: Unknown named parameter $item in D:\Tools\xampp\htdocs\website\wp-content\themes\flatsome\inc\builder\core\server\src\Transformers\ArrayToString.php:55
Stack trace:
#0 D:\Tools\xampp\htdocs\website\wp-content\themes\flatsome\inc\builder\core\server\src\Transformers\ArrayToString.php(55): call_user_func_array(Object(Closure), Array)
#1 D:\Tools\xampp\htdocs\website\wp-content\themes\flatsome\inc\builder\core\server\src\Transformers\ArrayToString.php(145): UxBuilder\Transformers\ArrayToString->transform(Array, Array)
#2 D:\Tools\xampp\htdocs\website\wp-content\themes\flatsome\inc\builder\core\server\src\Transformers\ArrayToString.php(50): UxBuilder\Transformers\ArrayToString->get_content(Array)
#3 D:\Tools\xampp\htdocs\website\wp-content\themes\flatsome\inc\builder\core\server\src\Ajax\DoShortcode.php(28): UxBuilder\Transformers\ArrayToString->transform(Array)
#4 D:\Tools\xampp\htdocs\website\wp-includes\class-wp-hook.php(324): UxBuilder\Ajax\DoShortcode->do_shortcode('')
#5 D:\Tools\xampp\htdocs\website\wp-includes\class-wp-hook.php(348): WP_Hook->apply_filters(NULL, Array)
#6 D:\Tools\xampp\htdocs\website\wp-includes\plugin.php(517): WP_Hook->do_action(Array)
#7 D:\Tools\xampp\htdocs\website\wp-includes\template-loader.php(13): do_action('template_redire...')
#8 D:\Tools\xampp\htdocs\website\wp-blog-header.php(19): require_once('D:\\Tools\\xampp\\...')
#9 D:\Tools\xampp\htdocs\website\index.php(17): require('D:\\Tools\\xampp\\...')
#10 {main}
  thrown in D:\Tools\xampp\htdocs\website\wp-content\themes\flatsome\inc\builder\core\server\src\Transformers\ArrayToString.php on line 55

2024-01-21T07:53:28+00:00 CRITICAL Uncaught Error: Unknown named parameter $item in D:\Tools\xampp\htdocs\website\wp-content\themes\flatsome\inc\builder\core\server\src\Transformers\ArrayToString.php:55
Stack trace:
#0 D:\Tools\xampp\htdocs\website\wp-content\themes\flatsome\inc\builder\core\server\src\Transformers\ArrayToString.php(55): call_user_func_array(Object(Closure), Array)
#1 D:\Tools\xampp\htdocs\website\wp-content\themes\flatsome\inc\builder\core\server\src\Transformers\ArrayToString.php(145): UxBuilder\Transformers\ArrayToString->transform(Array, Array)
#2 D:\Tools\xampp\htdocs\website\wp-content\themes\flatsome\inc\builder\core\server\src\Transformers\ArrayToString.php(50): UxBuilder\Transformers\ArrayToString->get_content(Array)
#3 D:\Tools\xampp\htdocs\website\wp-content\themes\flatsome\inc\builder\core\server\src\Ajax\DoShortcode.php(28): UxBuilder\Transformers\ArrayToString->transform(Array)
#4 D:\Tools\xampp\htdocs\website\wp-includes\class-wp-hook.php(324): UxBuilder\Ajax\DoShortcode->do_shortcode('')
#5 D:\Tools\xampp\htdocs\website\wp-includes\class-wp-hook.php(348): WP_Hook->apply_filters(NULL, Array)
#6 D:\Tools\xampp\htdocs\website\wp-includes\plugin.php(517): WP_Hook->do_action(Array)
#7 D:\Tools\xampp\htdocs\website\wp-includes\template-loader.php(13): do_action('template_redire...')
#8 D:\Tools\xampp\htdocs\website\wp-blog-header.php(19): require_once('D:\\Tools\\xampp\\...')
#9 D:\Tools\xampp\htdocs\website\index.php(17): require('D:\\Tools\\xampp\\...')
#10 {main}
  thrown in D:\Tools\xampp\htdocs\website\wp-content\themes\flatsome\inc\builder\core\server\src\Transformers\ArrayToString.php on line 55

2024-01-21T08:13:34+00:00 CRITICAL Uncaught ArgumentCountError: 3 arguments are required, 2 given in D:\Tools\xampp\htdocs\website\wp-admin\includes\class-bulk-upgrader-skin.php:162
Stack trace:
#0 D:\Tools\xampp\htdocs\website\wp-admin\includes\class-bulk-upgrader-skin.php(162): sprintf('%1$s installed ...', 'YITH WooCommerc...')
#1 D:\Tools\xampp\htdocs\website\wp-content\themes\flatsome\inc\classes\class-tgm-plugin-activation.php(3638): Bulk_Upgrader_Skin->after('YITH WooCommerc...')
#2 D:\Tools\xampp\htdocs\website\wp-admin\includes\class-wp-upgrader.php(921): TGMPA_Bulk_Installer_Skin->after()
#3 D:\Tools\xampp\htdocs\website\wp-content\themes\flatsome\inc\classes\class-tgm-plugin-activation.php(3258): WP_Upgrader->run(Array)
#4 D:\Tools\xampp\htdocs\website\wp-content\themes\flatsome\inc\classes\class-tgm-plugin-activation.php(3363): TGMPA_Bulk_Installer->run(Array)
#5 D:\Tools\xampp\htdocs\website\wp-content\themes\flatsome\inc\classes\class-tgm-plugin-activation.php(2977): TGMPA_Bulk_Installer->bulk_install(Array)
#6 D:\Tools\xampp\htdocs\website\wp-content\themes\flatsome\inc\classes\class-tgm-plugin-activation.php(743): TGMPA_List_Table->process_bulk_actions()
#7 D:\Tools\xampp\htdocs\website\wp-includes\class-wp-hook.php(324): TGM_Plugin_Activation->install_plugins_page('')
#8 D:\Tools\xampp\htdocs\website\wp-includes\class-wp-hook.php(348): WP_Hook->apply_filters('', Array)
#9 D:\Tools\xampp\htdocs\website\wp-includes\plugin.php(517): WP_Hook->do_action(Array)
#10 D:\Tools\xampp\htdocs\website\wp-admin\admin.php(259): do_action('appearance_page...')
#11 D:\Tools\xampp\htdocs\website\wp-admin\themes.php(10): require_once('D:\\Tools\\xampp\\...')
#12 {main}
  thrown in D:\Tools\xampp\htdocs\website\wp-admin\includes\class-bulk-upgrader-skin.php on line 162

